[13:36:28] [main/INFO]: Loading Minecraft 1.19.2 with Fabric Loader 0.14.21
[13:36:28] [main/INFO]: Fabric is preparing JARs on first launch, this may take a few seconds...
[13:36:28] [main/INFO]: Loading 3 mods:
	- fabricloader 0.14.21
	- java 17
	- minecraft 1.19.2
[13:36:28] [main/INFO]: SpongePowered MIXIN Subsystem Version=0.8.5 Source=file:/workspaces/codespaces-blank/libraries/net/fabricmc/sponge-mixin/0.12.5+mixin.0.8.5/sponge-mixin-0.12.5+mixin.0.8.5.jar Service=Knot/Fabric Env=SERVER
[13:36:31] [main/INFO]: Building unoptimized datafixer
[13:36:33] [main/INFO]: Environment: authHost='https://authserver.mojang.com', accountsHost='https://api.mojang.com', sessionHost='https://sessionserver.mojang.com', servicesHost='https://api.minecraftservices.com', name='PROD'
[13:36:35] [main/INFO]: Loaded 7 recipes
[13:36:35] [main/INFO]: Loaded 1179 advancements
[13:36:36] [Server thread/INFO]: Starting minecraft server version 1.19.2
[13:36:36] [Server thread/INFO]: Loading properties
[13:36:36] [Server thread/INFO]: Default game type: SURVIVAL
[13:36:36] [Server thread/INFO]: Generating keypair
[13:36:36] [Server thread/INFO]: Starting Minecraft server on *:25565
[13:36:36] [Server thread/INFO]: Using epoll channel type
[13:36:37] [Server thread/WARN]: **** SERVER IS RUNNING IN OFFLINE/INSECURE MODE!
[13:36:37] [Server thread/WARN]: The server will make no attempt to authenticate usernames. Beware.
[13:36:37] [Server thread/WARN]: While this makes the game possible to play without internet access, it also opens up the ability for hackers to connect with any username they choose.
[13:36:37] [Server thread/WARN]: To change this, set "online-mode" to "true" in the server.properties file.
[13:36:37] [Server thread/INFO]: Preparing level "world"
[13:36:56] [Server thread/INFO]: Preparing start region for dimension minecraft:overworld
[13:36:57] [Worker-Main-2/INFO]: Preparing spawn area: 0%
[13:36:57] [Worker-Main-3/INFO]: Preparing spawn area: 0%
[13:36:57] [Worker-Main-1/INFO]: Preparing spawn area: 0%
[13:36:57] [Worker-Main-2/INFO]: Preparing spawn area: 0%
[13:36:58] [Worker-Main-3/INFO]: Preparing spawn area: 0%
[13:36:58] [Worker-Main-3/INFO]: Preparing spawn area: 0%
[13:36:59] [Worker-Main-1/INFO]: Preparing spawn area: 0%
[13:36:59] [Worker-Main-3/INFO]: Preparing spawn area: 0%
[13:37:00] [Worker-Main-3/INFO]: Preparing spawn area: 1%
[13:37:00] [Worker-Main-1/INFO]: Preparing spawn area: 1%
[13:37:01] [Worker-Main-1/INFO]: Preparing spawn area: 2%
[13:37:01] [Worker-Main-2/INFO]: Preparing spawn area: 3%
[13:37:02] [Worker-Main-2/INFO]: Preparing spawn area: 4%
[13:37:02] [Worker-Main-3/INFO]: Preparing spawn area: 4%
[13:37:03] [Worker-Main-1/INFO]: Preparing spawn area: 5%
[13:37:03] [Worker-Main-2/INFO]: Preparing spawn area: 6%
[13:37:04] [Worker-Main-2/INFO]: Preparing spawn area: 7%
[13:37:04] [Worker-Main-1/INFO]: Preparing spawn area: 9%
[13:37:05] [Worker-Main-2/INFO]: Preparing spawn area: 10%
[13:37:05] [Worker-Main-1/INFO]: Preparing spawn area: 12%
[13:37:06] [Worker-Main-3/INFO]: Preparing spawn area: 12%
[13:37:06] [Worker-Main-2/INFO]: Preparing spawn area: 13%
[13:37:07] [Worker-Main-1/INFO]: Preparing spawn area: 15%
[13:37:07] [Worker-Main-1/INFO]: Preparing spawn area: 15%
[13:37:08] [Worker-Main-3/INFO]: Preparing spawn area: 17%
[13:37:08] [Worker-Main-3/INFO]: Preparing spawn area: 18%
[13:37:09] [Worker-Main-1/INFO]: Preparing spawn area: 19%
[13:37:09] [Worker-Main-2/INFO]: Preparing spawn area: 21%
[13:37:10] [Worker-Main-2/INFO]: Preparing spawn area: 22%
[13:37:10] [Worker-Main-2/INFO]: Preparing spawn area: 23%
[13:37:11] [Worker-Main-3/INFO]: Preparing spawn area: 25%
[13:37:11] [Worker-Main-1/INFO]: Preparing spawn area: 27%
[13:37:12] [Worker-Main-3/INFO]: Preparing spawn area: 27%
[13:37:12] [Worker-Main-1/INFO]: Preparing spawn area: 30%
[13:37:13] [Worker-Main-3/INFO]: Preparing spawn area: 31%
[13:37:13] [Worker-Main-3/INFO]: Preparing spawn area: 32%
[13:37:14] [Worker-Main-3/INFO]: Preparing spawn area: 34%
[13:37:14] [Worker-Main-2/INFO]: Preparing spawn area: 35%
[13:37:15] [Worker-Main-3/INFO]: Preparing spawn area: 36%
[13:37:15] [Worker-Main-2/INFO]: Preparing spawn area: 37%
[13:37:16] [Worker-Main-1/INFO]: Preparing spawn area: 40%
[13:37:16] [Worker-Main-1/INFO]: Preparing spawn area: 42%
[13:37:17] [Worker-Main-2/INFO]: Preparing spawn area: 43%
[13:37:17] [Worker-Main-3/INFO]: Preparing spawn area: 44%
[13:37:18] [Worker-Main-3/INFO]: Preparing spawn area: 45%
[13:37:18] [Worker-Main-1/INFO]: Preparing spawn area: 47%
[13:37:19] [Worker-Main-3/INFO]: Preparing spawn area: 49%
[13:37:19] [Worker-Main-3/INFO]: Preparing spawn area: 51%
[13:37:20] [Worker-Main-1/INFO]: Preparing spawn area: 53%
[13:37:20] [Worker-Main-1/INFO]: Preparing spawn area: 54%
[13:37:21] [Worker-Main-2/INFO]: Preparing spawn area: 55%
[13:37:21] [Worker-Main-3/INFO]: Preparing spawn area: 57%
[13:37:22] [Worker-Main-3/INFO]: Preparing spawn area: 58%
[13:37:22] [Worker-Main-1/INFO]: Preparing spawn area: 59%
[13:37:23] [Worker-Main-3/INFO]: Preparing spawn area: 61%
[13:37:23] [Worker-Main-2/INFO]: Preparing spawn area: 64%
[13:37:24] [Worker-Main-1/INFO]: Preparing spawn area: 66%
[13:37:24] [Worker-Main-3/INFO]: Preparing spawn area: 67%
[13:37:25] [Worker-Main-1/INFO]: Preparing spawn area: 68%
[13:37:25] [Worker-Main-2/INFO]: Preparing spawn area: 69%
[13:37:26] [Worker-Main-3/INFO]: Preparing spawn area: 70%
[13:37:26] [Worker-Main-1/INFO]: Preparing spawn area: 71%
[13:37:27] [Worker-Main-2/INFO]: Preparing spawn area: 73%
[13:37:27] [Worker-Main-1/INFO]: Preparing spawn area: 75%
[13:37:28] [Worker-Main-2/INFO]: Preparing spawn area: 76%
[13:37:28] [Worker-Main-1/INFO]: Preparing spawn area: 79%
[13:37:29] [Worker-Main-3/INFO]: Preparing spawn area: 80%
[13:37:29] [Worker-Main-2/INFO]: Preparing spawn area: 82%
[13:37:30] [Worker-Main-2/INFO]: Preparing spawn area: 84%
[13:37:30] [Worker-Main-1/INFO]: Preparing spawn area: 85%
[13:37:31] [Worker-Main-3/INFO]: Preparing spawn area: 87%
[13:37:31] [Worker-Main-2/INFO]: Preparing spawn area: 89%
[13:37:32] [Worker-Main-2/INFO]: Preparing spawn area: 90%
[13:37:32] [Worker-Main-3/INFO]: Preparing spawn area: 92%
[13:37:33] [Worker-Main-3/INFO]: Preparing spawn area: 94%
[13:37:33] [Worker-Main-2/INFO]: Preparing spawn area: 96%
[13:37:34] [Worker-Main-1/INFO]: Preparing spawn area: 98%
[13:37:34] [Server thread/INFO]: Time elapsed: 38370 ms
[13:37:34] [Server thread/INFO]: Done (57.555s)! For help, type "help"
[13:40:01] [Server thread/INFO]: skrixx[/[0:0:0:0:0:0:0:1%0]:41468] logged in with entity id 377 at (3.5, 73.0, -4.5)
[13:40:01] [Server thread/INFO]: skrixx joined the game
[13:40:16] [Server thread/INFO]: skrixx fell from a high place
[13:40:27] [Server thread/WARN]: Mismatch in destroy block pos: class_2338{x=-3, y=73, z=17} class_2338{x=-3, y=71, z=17}
[13:40:29] [Server thread/WARN]: Mismatch in destroy block pos: class_2338{x=-2, y=75, z=21} class_2338{x=-1, y=74, z=21}
[13:40:29] [Server thread/WARN]: Mismatch in destroy block pos: class_2338{x=-2, y=75, z=21} class_2338{x=-1, y=74, z=21}
[13:40:35] [Server thread/WARN]: Mismatch in destroy block pos: class_2338{x=13, y=80, z=12} class_2338{x=13, y=78, z=13}
[13:40:46] [Server thread/INFO]: skrixx lost connection: Disconnected
[13:40:46] [Server thread/INFO]: skrixx left the game
[13:42:02] [Server thread/INFO]: Stopping the server
[13:42:02] [Server thread/INFO]: Stopping server
[13:42:02] [Server thread/INFO]: Saving players
[13:42:02] [Server thread/INFO]: Saving worlds
[13:42:03] [Server thread/INFO]: Saving chunks for level 'ServerLevel[world]'/minecraft:overworld
[13:42:34] [Server thread/INFO]: Saving chunks for level 'ServerLevel[world]'/minecraft:the_nether
[13:42:34] [Server thread/INFO]: Saving chunks for level 'ServerLevel[world]'/minecraft:the_end
[13:42:34] [Server thread/INFO]: ThreadedAnvilChunkStorage (world): All chunks are saved
[13:42:34] [Server thread/INFO]: ThreadedAnvilChunkStorage (DIM-1): All chunks are saved
[13:42:34] [Server thread/INFO]: ThreadedAnvilChunkStorage (DIM1): All chunks are saved
[13:42:34] [Server thread/INFO]: ThreadedAnvilChunkStorage: All dimensions are saved
